2025-09-09 07:49:29,088 - TradingBot - ERROR - API connection failed: APIError(code=-2015): Invalid API-key, IP, or permissions for action
2025-09-09 07:49:29,101 - TradingBot - INFO - Trading Bot initialized successfully
2025-09-09 07:49:42,554 - TradingBot - ERROR - Invalid symbol: B
2025-09-09 07:49:42,554 - TradingBot - ERROR - Error placing market order: Invalid order parameters
2025-09-09 07:53:52,430 - TradingBot - ERROR - Invalid symbol: BTUCUSDT
2025-09-09 07:53:52,431 - TradingBot - ERROR - Error placing market order: Invalid order parameters
2025-09-09 07:54:11,796 - TradingBot - INFO - Placing MARKET order: BUY 1 BTCUSDT
2025-09-09 07:54:12,182 - TradingBot - ERROR - Binance API error: APIError(code=-2015): Invalid API-key, IP, or permissions for action
2025-09-09 14:32:58,091 - TradingBot - INFO - API connection successful
2025-09-09 14:32:58,094 - TradingBot - DEBUG - Account info: {
  "makerCommission": 0,
  "takerCommission": 0,
  "buyerCommission": 0,
  "sellerCommission": 0,
  "commissionRates": {
    "maker": "0.00000000",
    "taker": "0.00000000",
    "buyer": "0.00000000",
    "seller": "0.00000000"
  },
  "canTrade": true,
  "canWithdraw": true,
  "canDeposit": true,
  "brokered": false,
  "requireSelfTradePrevention": false,
  "preventSor": false,
  "updateTime": 1757387395463,
  "accountType": "SPOT",
  "balances": [
    {
      "asset": "ETH",
      "free": "1.00000000",
      "locked": "0.00000000"
    },
    {
      "asset": "BTC",
      "free": "1.00000000",
      "locked": "0.00000000"
    },
    {
      "asset": "LTC",
      "free": "4.00000000",
      "locked": "0.00000000"
    },
    {
      "asset": "BNB",
      "free": "1.00000000",
      "locked": "0.00000000"
    },
    {
      "asset": "USDT",
      "free": "10000.00000000",
      "locked": "0.00000000"
    },
    {
      "asset": "TRX",
      "free": "1483.00000000",
      "locked": "0.00000000"
    },
    {
      "asset": "XRP",
      "free": "175.00000000",
      "locked": "0.00000000"
    },
    {
      "asset": "NEO",
      "free": "76.00000000",
      "locked": "0.00000000"
    },
    {
      "asset": "QTUM",
      "free": "183.00000000",
      "locked": "0.00000000"
    },
    {
      "asset": "GAS",
      "free": "155.00000000",
      "locked": "0.00000000"
    },
    {
      "asset": "LRC",
      "free": "4956.00000000",
      "locked": "0.00000000"
    },
    {
      "asset": "ZRX",
      "free": "1831.00000000",
      "locked": "0.00000000"
    },
    {
      "asset": "KNC",
      "free": "1349.00000000",
      "locked": "0.00000000"
    },
    {
      "asset": "IOTA",
      "free": "2694.00000000",
      "locked": "0.00000000"
    },
    {
      "asset": "LINK",
      "free": "21.00000000",
      "locked": "0.00000000"
    },
    {
      "asset": "XVG",
      "free": "18446.00000000",
      "locked": "0.00000000"
    },
    {
      "asset": "MTL",
      "free": "712.00000000",
      "locked": "0.00000000"
    },
    {
      "asset": "ETC",
      "free": "24.00000000",
      "locked": "0.00000000"
    },
    {
      "asset": "ZEC",
      "free": "12.00000000",
      "locked": "0.00000000"
    },
    {
      "asset": "DASH",
      "free": "20.00000000",
      "locked": "0.00000000"
    },
    {
      "asset": "REQ",
      "free": "4055.00000000",
      "locked": "0.00000000"
    },
    {
      "asset": "POWR",
      "free": "3155.00000000",
      "locked": "0.00000000"
    },
    {
      "asset": "ENJ",
      "free": "7437.00000000",
      "locked": "0.00000000"
    },
    {
      "asset": "STORJ",
      "free": "1972.00000000",
      "locked": "0.00000000"
    },
    {
      "asset": "BAT",
      "free": "3285.00000000",
      "locked": "0.00000000"
    },
    {
      "asset": "LSK",
      "free": "1370.00000000",
      "locked": "0.00000000"
    },
    {
      "asset": "MANA",
      "free": "1567.00000000",
      "locked": "0.00000000"
    },
    {
      "asset": "ADX",
      "free": "3988.00000000",
      "locked": "0.00000000"
    },
    {
      "asset": "ADA",
      "free": "605.00000000",
      "locked": "0.00000000"
    },
    {
      "asset": "XLM",
      "free": "1378.00000000",
      "locked": "0.00000000"
    },
    {
      "asset": "ICX",
      "free": "3914.00000000",
      "locked": "0.00000000"
    },
    {
      "asset": "RLC",
      "free": "387.00000000",
      "locked": "0.00000000"
    },
    {
      "asset": "PIVX",
      "free": "3752.00000000",
      "locked": "0.00000000"
    },
    {
      "asset": "STEEM",
      "free": "3840.00000000",
      "locked": "0.00000000"
    },
    {
      "asset": "ZIL",
      "free": "18446.00000000",
      "locked": "0.00000000"
    },
    {
      "asset": "ONT",
      "free": "3664.00000000",
      "locked": "0.00000000"
    },
    {
      "asset": "WAN",
      "free": "4780.00000000",
      "locked": "0.00000000"
    },
    {
      "asset": "SYS",
      "free": "12723.00000000",
      "locked": "0.00000000"
    },
    {
      "asset": "TUSD",
      "free": "10000.00000000",
      "locked": "0.00000000"
    },
    {
      "asset": "ZEN",
      "free": "70.00000000",
      "locked": "0.00000000"
    },
    {
      "asset": "THETA",
      "free": "636.00000000",
      "locked": "0.00000000"
    },
    {
      "asset": "IOTX",
      "free": "18375.00000000",
      "locked": "0.00000000"
    },
    {
      "asset": "DATA",
      "free": "18446.00000000",
      "locked": "0.00000000"
    },
    {
      "asset": "SC",
      "free": "18446.00000000",
      "locked": "0.00000000"
    },
    {
      "asset": "DENT",
      "free": "18446.00000000",
      "locked": "0.00000000"
    },
    {
      "asset": "ARDR",
      "free": "6029.00000000",
      "locked": "0.00000000"
    },
    {
      "asset": "HOT",
      "free": "18446.00000000",
      "locked": "0.00000000"
    },
    {
      "asset": "VET",
      "free": "18446.00000000",
      "locked": "0.00000000"
    },
    {
      "asset": "RVN",
      "free": "18446.00000000",
      "locked": "0.00000000"
    },
    {
      "asset": "USDC",
      "free": "10000.00000000",
      "locked": "0.00000000"
    },
    {
      "asset": "ONG",
      "free": "3049.00000000",
      "locked": "0.00000000"
    },
    {
      "asset": "FET",
      "free": "822.00000000",
      "locked": "0.00000000"
    },
    {
      "asset": "IOST",
      "free": "18446.00000000",
      "locked": "0.00000000"
    },
    {
      "asset": "CELR",
      "free": "18446.00000000",
      "locked": "0.00000000"
    },
    {
      "asset": "ATOM",
      "free": "112.00000000",
      "locked": "0.00000000"
    },
    {
      "asset": "PHB",
      "free": "918.00000000",
      "locked": "0.00000000"
    },
    {
      "asset": "TFUEL",
      "free": "14736.00000000",
      "locked": "0.00000000"
    },
    {
      "asset": "ONE",
      "free": "18446.00000000",
      "locked": "0.00000000"
    },
    {
      "asset": "ALGO",
      "free": "2154.00000000",
      "locked": "0.00000000"
    },
    {
      "asset": "DOGE",
      "free": "2311.00000000",
      "locked": "0.00000000"
    },
    {
      "asset": "DUSK",
      "free": "7987.00000000",
      "locked": "0.00000000"
    },
    {
      "asset": "ANKR",
      "free": "18446.00000000",
      "locked": "0.00000000"
    },
    {
      "asset": "WIN",
      "free": "18446.00000000",
      "locked": "0.00000000"
    },
    {
      "asset": "COS",
      "free": "18446.00000000",
      "locked": "0.00000000"
    },
    {
      "asset": "FUN",
      "free": "18446.00000000",
      "locked": "0.00000000"
    },
    {
      "asset": "CVC",
      "free": "5651.00000000",
      "locked": "0.00000000"
    },
    {
      "asset": "CHZ",
      "free": "12663.00000000",
      "locked": "0.00000000"
    },
    {
      "asset": "BAND",
      "free": "689.00000000",
      "locked": "0.00000000"
    },
    {
      "asset": "XTZ",
      "free": "697.00000000",
      "locked": "0.00000000"
    },
    {
      "asset": "HBAR",
      "free": "2277.00000000",
      "locked": "0.00000000"
    },
    {
      "asset": "NKN",
      "free": "18446.00000000",
      "locked": "0.00000000"
    },
    {
      "asset": "STX",
      "free": "805.00000000",
      "locked": "0.00000000"
    },
    {
      "asset": "KAVA",
      "free": "1348.00000000",
      "locked": "0.00000000"
    },
    {
      "asset": "ARPA",
      "free": "18446.00000000",
      "locked": "0.00000000"
    },
    {
      "asset": "BCH",
      "free": "1.00000000",
      "locked": "0.00000000"
    },
    {
      "asset": "FTT",
      "free": "639.00000000",
      "locked": "0.00000000"
    },
    {
      "asset": "TRY",
      "free": "18466.00000000",
      "locked": "0.00000000"
    },
    {
      "asset": "EUR",
      "free": "428.00000000",
      "locked": "0.00000000"
    },
    {
      "asset": "OGN",
      "free": "8090.00000000",
      "locked": "0.00000000"
    },
    {
      "asset": "BNT",
      "free": "673.00000000",
      "locked": "0.00000000"
    },
    {
      "asset": "MBL",
      "free": "18446.00000000",
      "locked": "0.00000000"
    },
    {
      "asset": "COTI",
      "free": "10160.00000000",
      "locked": "0.00000000"
    },
    {
      "asset": "ZAR",
      "free": "18466.00000000",
      "locked": "0.00000000"
    },
    {
      "asset": "SOL",
      "free": "2.00000000",
      "locked": "0.00000000"
    },
    {
      "asset": "CTSI",
      "free": "6607.00000000",
      "locked": "0.00000000"
    },
    {
      "asset": "HIVE",
      "free": "2497.00000000",
      "locked": "0.00000000"
    },
    {
      "asset": "CHR",
      "free": "5104.00000000",
      "locked": "0.00000000"
    },
    {
      "asset": "MDT",
      "free": "18446.00000000",
      "locked": "0.00000000"
    },
    {
      "asset": "UAH",
      "free": "18466.00000000",
      "locked": "0.00000000"
    },
    {
      "asset": "COMP",
      "free": "11.00000000",
      "locked": "0.00000000"
    },
    {
      "asset": "SXP",
      "free": "2925.00000000",
      "locked": "0.00000000"
    },
    {
      "asset": "SNX",
      "free": "744.00000000",
      "locked": "0.00000000"
    },
    {
      "asset": "VTHO",
      "free": "18446.00000000",
      "locked": "0.00000000"
    },
    {
      "asset": "DGB",
      "free": "18446.00000000",
      "locked": "0.00000000"
    },
    {
      "asset": "MKR",
      "free": "1.00000000",
      "locked": "0.00000000"
    },
    {
      "asset": "RUNE",
      "free": "412.00000000",
      "locked": "0.00000000"
    },
    {
      "asset": "DCR",
      "free": "30.00000000",
      "locked": "0.00000000"
    },
    {
      "asset": "AVA",
      "free": "939.00000000",
      "locked": "0.00000000"
    },
    {
      "asset": "YFI",
      "free": "1.00000000",
      "locked": "0.00000000"
    },
    {
      "asset": "DAI",
      "free": "10000.00000000",
      "locked": "0.00000000"
    },
    {
      "asset": "JST",
      "free": "14612.00000000",
      "locked": "0.00000000"
    },
    {
      "asset": "CRV",
      "free": "661.00000000",
      "locked": "0.00000000"
    },
    {
      "asset": "SAND",
      "free": "1785.00000000",
      "locked": "0.00000000"
    },
    {
      "asset": "NMR",
      "free": "37.00000000",
      "locked": "0.00000000"
    },
    {
      "asset": "DOT",
      "free": "130.00000000",
      "locked": "0.00000000"
    },
    {
      "asset": "LUNA",
      "free": "3395.00000000",
      "locked": "0.00000000"
    },
    {
      "asset": "RSR",
      "free": "18446.00000000",
      "locked": "0.00000000"
    },
    {
      "asset": "PAXG",
      "free": "1.00000000",
      "locked": "0.00000000"
    },
    {
      "asset": "TRB",
      "free": "14.00000000",
      "locked": "0.00000000"
    },
    {
      "asset": "WBTC",
      "free": "1.00000000",
      "locked": "0.00000000"
    },
    {
      "asset": "SUSHI",
      "free": "657.00000000",
      "locked": "0.00000000"
    },
    {
      "asset": "KSM",
      "free": "33.00000000",
      "locked": "0.00000000"
    },
    {
      "asset": "EGLD",
      "free": "35.00000000",
      "locked": "0.00000000"
    },
    {
      "asset": "DIA",
      "free": "680.00000000",
      "locked": "0.00000000"
    },
    {
      "asset": "FIO",
      "free": "18446.00000000",
      "locked": "0.00000000"
    },
    {
      "asset": "UMA",
      "free": "369.00000000",
      "locked": "0.00000000"
    },
    {
      "asset": "BEL",
      "free": "2097.00000000",
      "locked": "0.00000000"
    },
    {
      "asset": "UNI",
      "free": "52.00000000",
      "locked": "0.00000000"
    },
    {
      "asset": "OXT",
      "free": "9387.00000000",
      "locked": "0.00000000"
    },
    {
      "asset": "SUN",
      "free": "18446.00000000",
      "locked": "0.00000000"
    },
    {
      "asset": "AVAX",
      "free": "20.00000000",
      "locked": "0.00000000"
    },
    {
      "asset": "FLM",
      "free": "18115.00000000",
      "locked": "0.00000000"
    },
    {
      "asset": "SCRT",
      "free": "2897.00000000",
      "locked": "0.00000000"
    },
    {
      "asset": "CAKE",
      "free": "209.00000000",
      "locked": "0.00000000"
    },
    {
      "asset": "UTK",
      "free": "16972.00000000",
      "locked": "0.00000000"
    },
    {
      "asset": "XVS",
      "free": "81.00000000",
      "locked": "0.00000000"
    },
    {
      "asset": "BRL",
      "free": "97.00000000",
      "locked": "0.00000000"
    },
    {
      "asset": "AAVE",
      "free": "1.00000000",
      "locked": "0.00000000"
    },
    {
      "asset": "NEAR",
      "free": "207.00000000",
      "locked": "0.00000000"
    },
    {
      "asset": "FIL",
      "free": "215.00000000",
      "locked": "0.00000000"
    },
    {
      "asset": "INJ",
      "free": "39.00000000",
      "locked": "0.00000000"
    },
    {
      "asset": "AUDIO",
      "free": "8171.00000000",
      "locked": "0.00000000"
    },
    {
      "asset": "CTK",
      "free": "1526.00000000",
      "locked": "0.00000000"
    },
    {
      "asset": "AXS",
      "free": "211.00000000",
      "locked": "0.00000000"
    },
    {
      "asset": "SLP",
      "free": "18446.00000000",
      "locked": "0.00000000"
    },
    {
      "asset": "STRAX",
      "free": "11664.00000000",
      "locked": "0.00000000"
    },
    {
      "asset": "ROSE",
      "free": "18446.00000000",
      "locked": "0.00000000"
    },
    {
      "asset": "SKL",
      "free": "16981.00000000",
      "locked": "0.00000000"
    },
    {
      "asset": "GLM",
      "free": "2140.00000000",
      "locked": "0.00000000"
    },
    {
      "asset": "GRT",
      "free": "5611.00000000",
      "locked": "0.00000000"
    },
    {
      "asset": "JUV",
      "free": "439.00000000",
      "locked": "0.00000000"
    },
    {
      "asset": "PSG",
      "free": "309.00000000",
      "locked": "0.00000000"
    },
    {
      "asset": "1INCH",
      "free": "2043.00000000",
      "locked": "0.00000000"
    },
    {
      "asset": "OG",
      "free": "36.00000000",
      "locked": "0.00000000"
    },
    {
      "asset": "ATM",
      "free": "397.00000000",
      "locked": "0.00000000"
    },
    {
      "asset": "ASR",
      "free": "212.00000000",
      "locked": "0.00000000"
    },
    {
      "asset": "CELO",
      "free": "1700.00000000",
      "locked": "0.00000000"
    },
    {
      "asset": "RIF",
      "free": "8896.00000000",
      "locked": "0.00000000"
    },
    {
      "asset": "TRU",
      "free": "17182.00000000",
      "locked": "0.00000000"
    },
    {
      "asset": "CKB",
      "free": "18446.00000000",
      "locked": "0.00000000"
    },
    {
      "asset": "TWT",
      "free": "688.00000000",
      "locked": "0.00000000"
    },
    {
      "asset": "SFP",
      "free": "1087.00000000",
      "locked": "0.00000000"
    },
    {
      "asset": "DODO",
      "free": "11261.00000000",
      "locked": "0.00000000"
    },
    {
      "asset": "ACM",
      "free": "543.00000000",
      "locked": "0.00000000"
    },
    {
      "asset": "AUCTION",
      "free": "52.00000000",
      "locked": "0.00000000"
    },
    {
      "asset": "PHA",
      "free": "4868.00000000",
      "locked": "0.00000000"
    },
    {
      "asset": "FIS",
      "free": "4757.00000000",
      "locked": "0.00000000"
    },
    {
      "asset": "OM",
      "free": "2422.00000000",
      "locked": "0.00000000"
    },
    {
      "asset": "POND",
      "free": "18446.00000000",
      "locked": "0.00000000"
    },
    {
      "asset": "DEGO",
      "free": "395.00000000",
      "locked": "0.00000000"
    },
    {
      "asset": "ALICE",
      "free": "1390.00000000",
      "locked": "0.00000000"
    },
    {
      "asset": "PERP",
      "free": "1935.00000000",
      "locked": "0.00000000"
    },
    {
      "asset": "SUPER",
      "free": "839.00000000",
      "locked": "0.00000000"
    },
    {
      "asset": "CFX",
      "free": "2906.00000000",
      "locked": "0.00000000"
    },
    {
      "asset": "TKO",
      "free": "2662.00000000",
      "locked": "0.00000000"
    },
    {
      "asset": "PUNDIX",
      "free": "1612.00000000",
      "locked": "0.00000000"
    },
    {
      "asset": "TLM",
      "free": "18446.00000000",
      "locked": "0.00000000"
    },
    {
      "asset": "BAR",
      "free": "440.00000000",
      "locked": "0.00000000"
    },
    {
      "asset": "FORTH",
      "free": "182.00000000",
      "locked": "0.00000000"
    },
    {
      "asset": "BAKE",
      "free": "12163.00000000",
      "locked": "0.00000000"
    },
    {
      "asset": "SHIB",
      "free": "18446.00",
      "locked": "0.00"
    },
    {
      "asset": "ICP",
      "free": "104.00000000",
      "locked": "0.00000000"
    },
    {
      "asset": "AR",
      "free": "76.00000000",
      "locked": "0.00000000"
    },
    {
      "asset": "MASK",
      "free": "406.00000000",
      "locked": "0.00000000"
    },
    {
      "asset": "LPT",
      "free": "72.00000000",
      "locked": "0.00000000"
    },
    {
      "asset": "ATA",
      "free": "11210.00000000",
      "locked": "0.00000000"
    },
    {
      "asset": "GTC",
      "free": "1480.00000000",
      "locked": "0.00000000"
    },
    {
      "asset": "MLN",
      "free": "63.00000000",
      "locked": "0.00000000"
    },
    {
      "asset": "DEXE",
      "free": "68.00000000",
      "locked": "0.00000000"
    },
    {
      "asset": "C98",
      "free": "10266.00000000",
      "locked": "0.00000000"
    },
    {
      "asset": "QNT",
      "free": "4.00000000",
      "locked": "0.00000000"
    },
    {
      "asset": "FLOW",
      "free": "1237.00000000",
      "locked": "0.00000000"
    },
    {
      "asset": "MINA",
      "free": "2786.00000000",
      "locked": "0.00000000"
    },
    {
      "asset": "RAY",
      "free": "150.00000000",
      "locked": "0.00000000"
    },
    {
      "asset": "FARM",
      "free": "17.00000000",
      "locked": "0.00000000"
    },
    {
      "asset": "QUICK",
      "free": "18446.00000000",
      "locked": "0.00000000"
    },
    {
      "asset": "MBOX",
      "free": "8962.00000000",
      "locked": "0.00000000"
    },
    {
      "asset": "GHST",
      "free": "1148.00000000",
      "locked": "0.00000000"
    },
    {
      "asset": "WAXP",
      "free": "18446.00000000",
      "locked": "0.00000000"
    },
    {
      "asset": "GNO",
      "free": "3.00000000",
      "locked": "0.00000000"
    },
    {
      "asset": "XEC",
      "free": "18446.00",
      "locked": "0.00"
    },
    {
      "asset": "DYDX",
      "free": "844.00000000",
      "locked": "0.00000000"
    },
    {
      "asset": "IDEX",
      "free": "17819.00000000",
      "locked": "0.00000000"
    },
    {
      "asset": "USDP",
      "free": "500.00000000",
      "locked": "0.00000000"
    },
    {
      "asset": "GALA",
      "free": "18446.00000000",
      "locked": "0.00000000"
    },
    {
      "asset": "ILV",
      "free": "36.00000000",
      "locked": "0.00000000"
    },
    {
      "asset": "YGG",
      "free": "3285.00000000",
      "locked": "0.00000000"
    },
    {
      "asset": "DF",
      "free": "18446.00000000",
      "locked": "0.00000000"
    },
    {
      "asset": "FIDA",
      "free": "5860.00000000",
      "locked": "0.00000000"
    },
    {
      "asset": "AGLD",
      "free": "749.00000000",
      "locked": "0.00000000"
    },
    {
      "asset": "RAD",
      "free": "743.00000000",
      "locked": "0.00000000"
    },
    {
      "asset": "RARE",
      "free": "9189.00000000",
      "locked": "0.00000000"
    },
    {
      "asset": "SSV",
      "free": "55.00000000",
      "locked": "0.00000000"
    },
    {
      "asset": "LAZIO",
      "free": "548.00000000",
      "locked": "0.00000000"
    },
    {
      "asset": "CHESS",
      "free": "7041.00000000",
      "locked": "0.00000000"
    },
    {
      "asset": "MOVR",
      "free": "86.00000000",
      "locked": "0.00000000"
    },
    {
      "asset": "CITY",
      "free": "489.00000000",
      "locked": "0.00000000"
    },
    {
      "asset": "ENS",
      "free": "22.00000000",
      "locked": "0.00000000"
    },
    {
      "asset": "QI",
      "free": "18446.00000000",
      "locked": "0.00000000"
    },
    {
      "asset": "PORTO",
      "free": "514.00000000",
      "locked": "0.00000000"
    },
    {
      "asset": "JASMY",
      "free": "18446.00000000",
      "locked": "0.00000000"
    },
    {
      "asset": "AMP",
      "free": "18446.00000000",
      "locked": "0.00000000"
    },
    {
      "asset": "PYR",
      "free": "485.00000000",
      "locked": "0.00000000"
    },
    {
      "asset": "ALCX",
      "free": "52.00000000",
      "locked": "0.00000000"
    },
    {
      "asset": "SANTOS",
      "free": "280.00000000",
      "locked": "0.00000000"
    },
    {
      "asset": "BICO",
      "free": "5208.00000000",
      "locked": "0.00000000"
    },
    {
      "asset": "FLUX",
      "free": "2525.00000000",
      "locked": "0.00000000"
    },
    {
      "asset": "FXS",
      "free": "187.00000000",
      "locked": "0.00000000"
    },
    {
      "asset": "VOXEL",
      "free": "9002.00000000",
      "locked": "0.00000000"
    },
    {
      "asset": "HIGH",
      "free": "981.00000000",
      "locked": "0.00000000"
    },
    {
      "asset": "CVX",
      "free": "142.00000000",
      "locked": "0.00000000"
    },
    {
      "asset": "PEOPLE",
      "free": "18446.00000000",
      "locked": "0.00000000"
    },
    {
      "asset": "SPELL",
      "free": "18446.00000000",
      "locked": "0.00000000"
    },
    {
      "asset": "JOE",
      "free": "3127.00000000",
      "locked": "0.00000000"
    },
    {
      "asset": "ACH",
      "free": "18446.00000000",
      "locked": "0.00000000"
    },
    {
      "asset": "IMX",
      "free": "964.00000000",
      "locked": "0.00000000"
    },
    {
      "asset": "GLMR",
      "free": "7406.00000000",
      "locked": "0.00000000"
    },
    {
      "asset": "API3",
      "free": "510.00000000",
      "locked": "0.00000000"
    },
    {
      "asset": "BTTC",
      "free": "18446.0",
      "locked": "0.0"
    },
    {
      "asset": "ACA",
      "free": "17138.00000000",
      "locked": "0.00000000"
    },
    {
      "asset": "XNO",
      "free": "576.00000000",
      "locked": "0.00000000"
    },
    {
      "asset": "WOO",
      "free": "7418.00000000",
      "locked": "0.00000000"
    },
    {
      "asset": "ALPINE",
      "free": "233.00000000",
      "locked": "0.00000000"
    },
    {
      "asset": "T",
      "free": "18446.00000000",
      "locked": "0.00000000"
    },
    {
      "asset": "ASTR",
      "free": "18446.00000000",
      "locked": "0.00000000"
    },
    {
      "asset": "GMT",
      "free": "12142.00000000",
      "locked": "0.00000000"
    },
    {
      "asset": "KDA",
      "free": "1410.00000000",
      "locked": "0.00000000"
    },
    {
      "asset": "APE",
      "free": "871.00000000",
      "locked": "0.00000000"
    },
    {
      "asset": "BIFI",
      "free": "2.00000000",
      "locked": "0.00000000"
    },
    {
      "asset": "NEXO",
      "free": "393.00000000",
      "locked": "0.00000000"
    },
    {
      "asset": "REI",
      "free": "18446.00000000",
      "locked": "0.00000000"
    },
    {
      "asset": "LDO",
      "free": "413.00000000",
      "locked": "0.00000000"
    },
    {
      "asset": "OP",
      "free": "705.00000000",
      "locked": "0.00000000"
    },
    {
      "asset": "STG",
      "free": "3152.00000000",
      "locked": "0.00000000"
    },
    {
      "asset": "LUNC",
      "free": "18446.00000000",
      "locked": "0.00000000"
    },
    {
      "asset": "GMX",
      "free": "34.00000000",
      "locked": "0.00000000"
    },
    {
      "asset": "POLYX",
      "free": "3919.00000000",
      "locked": "0.00000000"
    },
    {
      "asset": "APT",
      "free": "116.00000000",
      "locked": "0.00000000"
    },
    {
      "asset": "PLN",
      "free": "18466.00000000",
      "locked": "0.00000000"
    },
    {
      "asset": "OSMO",
      "free": "3020.00000000",
      "locked": "0.00000000"
    },
    {
      "asset": "HFT",
      "free": "4969.00000000",
      "locked": "0.00000000"
    },
    {
      "asset": "HOOK",
      "free": "4730.00000000",
      "locked": "0.00000000"
    },
    {
      "asset": "MAGIC",
      "free": "2513.00000000",
      "locked": "0.00000000"
    },
    {
      "asset": "HIFI",
      "free": "7629.00000000",
      "locked": "0.00000000"
    },
    {
      "asset": "RPL",
      "free": "76.00000000",
      "locked": "0.00000000"
    },
    {
      "asset": "RON",
      "free": "18466.00000000",
      "locked": "0.00000000"
    },
    {
      "asset": "GNS",
      "free": "226.00000000",
      "locked": "0.00000000"
    },
    {
      "asset": "SYN",
      "free": "4175.00000000",
      "locked": "0.00000000"
    },
    {
      "asset": "LQTY",
      "free": "614.00000000",
      "locked": "0.00000000"
    },
    {
      "asset": "USTC",
      "free": "18446.00000000",
      "locked": "0.00000000"
    },
    {
      "asset": "PROM",
      "free": "55.00000000",
      "locked": "0.00000000"
    },
    {
      "asset": "QKC",
      "free": "18446.00000000",
      "locked": "0.00000000"
    },
    {
      "asset": "ID",
      "free": "3177.00000000",
      "locked": "0.00000000"
    },
    {
      "asset": "ARB",
      "free": "1008.00000000",
      "locked": "0.00000000"
    },
    {
      "asset": "RDNT",
      "free": "18446.00000000",
      "locked": "0.00000000"
    },
    {
      "asset": "ARS",
      "free": "18466.00000000",
      "locked": "0.00000000"
    },
    {
      "asset": "EDU",
      "free": "3837.00000000",
      "locked": "0.00000000"
    },
    {
      "asset": "SUI",
      "free": "148.00000000",
      "locked": "0.00000000"
    },
    {
      "asset": "PEPE",
      "free": "18446.00",
      "locked": "0.00"
    },
    {
      "asset": "FLOKI",
      "free": "18446.00",
      "locked": "0.00"
    },
    {
      "asset": "WBETH",
      "free": "1.00000000",
      "locked": "0.00000000"
    },
    {
      "asset": "MAV",
      "free": "6327.00000000",
      "locked": "0.00000000"
    },
    {
      "asset": "PENDLE",
      "free": "107.00000000",
      "locked": "0.00000000"
    },
    {
      "asset": "ARKM",
      "free": "1057.00000000",
      "locked": "0.00000000"
    },
    {
      "asset": "WLD",
      "free": "562.00000000",
      "locked": "0.00000000"
    },
    {
      "asset": "FDUSD",
      "free": "10000.00000000",
      "locked": "0.00000000"
    },
    {
      "asset": "SEI",
      "free": "1726.00000000",
      "locked": "0.00000000"
    },
    {
      "asset": "CYBER",
      "free": "286.00000000",
      "locked": "0.00000000"
    },
    {
      "asset": "ARK",
      "free": "1162.00000000",
      "locked": "0.00000000"
    },
    {
      "asset": "IQ",
      "free": "18446.00000000",
      "locked": "0.00000000"
    },
    {
      "asset": "NTRN",
      "free": "5245.00000000",
      "locked": "0.00000000"
    },
    {
      "asset": "TIA",
      "free": "311.00000000",
      "locked": "0.00000000"
    },
    {
      "asset": "MEME",
      "free": "18446.00000000",
      "locked": "0.00000000"
    },
    {
      "asset": "ORDI",
      "free": "56.00000000",
      "locked": "0.00000000"
    },
    {
      "asset": "BEAMX",
      "free": "18446.00000000",
      "locked": "0.00000000"
    },
    {
      "asset": "VIC",
      "free": "2243.00000000",
      "locked": "0.00000000"
    },
    {
      "asset": "BLUR",
      "free": "6594.00000000",
      "locked": "0.00000000"
    },
    {
      "asset": "VANRY",
      "free": "18446.00000000",
      "locked": "0.00000000"
    },
    {
      "asset": "AEUR",
      "free": "452.00000000",
      "locked": "0.00000000"
    },
    {
      "asset": "JTO",
      "free": "268.00000000",
      "locked": "0.00000000"
    },
    {
      "asset": "1000SATS",
      "free": "18446.00",
      "locked": "0.00"
    },
    {
      "asset": "BONK",
      "free": "18446.00",
      "locked": "0.00"
    },
    {
      "asset": "ACE",
      "free": "999.00000000",
      "locked": "0.00000000"
    },
    {
      "asset": "NFP",
      "free": "8044.00000000",
      "locked": "0.00000000"
    },
    {
      "asset": "AI",
      "free": "4176.00000000",
      "locked": "0.00000000"
    },
    {
      "asset": "XAI",
      "free": "10694.00000000",
      "locked": "0.00000000"
    },
    {
      "asset": "MANTA",
      "free": "2508.00000000",
      "locked": "0.00000000"
    },
    {
      "asset": "ALT",
      "free": "15934.00000000",
      "locked": "0.00000000"
    },
    {
      "asset": "JUP",
      "free": "1012.00000000",
      "locked": "0.00000000"
    },
    {
      "asset": "PYTH",
      "free": "3330.00000000",
      "locked": "0.00000000"
    },
    {
      "asset": "RONIN",
      "free": "1042.00000000",
      "locked": "0.00000000"
    },
    {
      "asset": "DYM",
      "free": "2415.00000000",
      "locked": "0.00000000"
    },
    {
      "asset": "PIXEL",
      "free": "17297.00000000",
      "locked": "0.00000000"
    },
    {
      "asset": "STRK",
      "free": "4061.00000000",
      "locked": "0.00000000"
    },
    {
      "asset": "PORTAL",
      "free": "12284.00000000",
      "locked": "0.00000000"
    },
    {
      "asset": "AXL",
      "free": "1658.00000000",
      "locked": "0.00000000"
    },
    {
      "asset": "WIF",
      "free": "617.00000000",
      "locked": "0.00000000"
    },
    {
      "asset": "METIS",
      "free": "33.00000000",
      "locked": "0.00000000"
    },
    {
      "asset": "JPY",
      "free": "18466.00000000",
      "locked": "0.00000000"
    },
    {
      "asset": "AEVO",
      "free": "5694.00000000",
      "locked": "0.00000000"
    },
    {
      "asset": "BOME",
      "free": "18446.00",
      "locked": "0.00"
    },
    {
      "asset": "ETHFI",
      "free": "435.00000000",
      "locked": "0.00000000"
    },
    {
      "asset": "ENA",
      "free": "750.00000000",
      "locked": "0.00000000"
    },
    {
      "asset": "W",
      "free": "6511.00000000",
      "locked": "0.00000000"
    },
    {
      "asset": "TNSR",
      "free": "4383.00000000",
      "locked": "0.00000000"
    },
    {
      "asset": "SAGA",
      "free": "2107.00000000",
      "locked": "0.00000000"
    },
    {
      "asset": "MXN",
      "free": "18466.00000000",
      "locked": "0.00000000"
    },
    {
      "asset": "TAO",
      "free": "1.00000000",
      "locked": "0.00000000"
    },
    {
      "asset": "OMNI",
      "free": "162.00000000",
      "locked": "0.00000000"
    },
    {
      "asset": "REZ",
      "free": "18446.00000000",
      "locked": "0.00000000"
    },
    {
      "asset": "BB",
      "free": "3617.00000000",
      "locked": "0.00000000"
    },
    {
      "asset": "NOT",
      "free": "18446.00",
      "locked": "0.00"
    },
    {
      "asset": "COP",
      "free": "18466.00000000",
      "locked": "0.00000000"
    },
    {
      "asset": "IO",
      "free": "967.00000000",
      "locked": "0.00000000"
    },
    {
      "asset": "ZK",
      "free": "8886.00000000",
      "locked": "0.00000000"
    },
    {
      "asset": "LISTA",
      "free": "2037.00000000",
      "locked": "0.00000000"
    },
    {
      "asset": "ZRO",
      "free": "272.00000000",
      "locked": "0.00000000"
    },
    {
      "asset": "G",
      "free": "18446.00000000",
      "locked": "0.00000000"
    },
    {
      "asset": "BANANA",
      "free": "26.00000000",
      "locked": "0.00000000"
    },
    {
      "asset": "RENDER",
      "free": "145.00000000",
      "locked": "0.00000000"
    },
    {
      "asset": "TON",
      "free": "160.00000000",
      "locked": "0.00000000"
    },
    {
      "asset": "DOGS",
      "free": "18446.00",
      "locked": "0.00"
    },
    {
      "asset": "EURI",
      "free": "428.00000000",
      "locked": "0.00000000"
    },
    {
      "asset": "SLF",
      "free": "17617.00000000",
      "locked": "0.00000000"
    },
    {
      "asset": "POL",
      "free": "1746.00000000",
      "locked": "0.00000000"
    },
    {
      "asset": "NEIRO",
      "free": "18446.00",
      "locked": "0.00"
    },
    {
      "asset": "TURBO",
      "free": "18446.00000000",
      "locked": "0.00000000"
    },
    {
      "asset": "1MBABYDOGE",
      "free": "18446.00",
      "locked": "0.00"
    },
    {
      "asset": "CATI",
      "free": "5837.00000000",
      "locked": "0.00000000"
    },
    {
      "asset": "HMSTR",
      "free": "18446.00",
      "locked": "0.00"
    },
    {
      "asset": "EIGEN",
      "free": "386.00000000",
      "locked": "0.00000000"
    },
    {
      "asset": "BNSOL",
      "free": "2.00000000",
      "locked": "0.00000000"
    },
    {
      "asset": "SCR",
      "free": "1517.00000000",
      "locked": "0.00000000"
    },
    {
      "asset": "LUMIA",
      "free": "1635.00000000",
      "locked": "0.00000000"
    },
    {
      "asset": "KAIA",
      "free": "3407.00000000",
      "locked": "0.00000000"
    },
    {
      "asset": "COW",
      "free": "1484.00000000",
      "locked": "0.00000000"
    },
    {
      "asset": "CETUS",
      "free": "5520.00000000",
      "locked": "0.00000000"
    },
    {
      "asset": "PNUT",
      "free": "2431.00000000",
      "locked": "0.00000000"
    },
    {
      "asset": "ACT",
      "free": "14130.00000000",
      "locked": "0.00000000"
    },
    {
      "asset": "USUAL",
      "free": "8578.00000000",
      "locked": "0.00000000"
    },
    {
      "asset": "THE",
      "free": "1499.00000000",
      "locked": "0.00000000"
    },
    {
      "asset": "ACX",
      "free": "3605.00000000",
      "locked": "0.00000000"
    },
    {
      "asset": "ORCA",
      "free": "222.00000000",
      "locked": "0.00000000"
    },
    {
      "asset": "MOVE",
      "free": "4312.00000000",
      "locked": "0.00000000"
    },
    {
      "asset": "ME",
      "free": "757.00000000",
      "locked": "0.00000000"
    },
    {
      "asset": "VELODROME",
      "free": "9995.00000000",
      "locked": "0.00000000"
    },
    {
      "asset": "VANA",
      "free": "128.00000000",
      "locked": "0.00000000"
    },
    {
      "asset": "1000CAT",
      "free": "18446.00000000",
      "locked": "0.00000000"
    },
    {
      "asset": "PENGU",
      "free": "17250.00000000",
      "locked": "0.00000000"
    },
    {
      "asset": "BIO",
      "free": "3494.00000000",
      "locked": "0.00000000"
    },
    {
      "asset": "D",
      "free": "15780.00000000",
      "locked": "0.00000000"
    },
    {
      "asset": "AIXBT",
      "free": "4784.00000000",
      "locked": "0.00000000"
    },
    {
      "asset": "CGPT",
      "free": "6384.00000000",
      "locked": "0.00000000"
    },
    {
      "asset": "COOKIE",
      "free": "4209.00000000",
      "locked": "0.00000000"
    },
    {
      "asset": "S",
      "free": "1627.00000000",
      "locked": "0.00000000"
    },
    {
      "asset": "SOLV",
      "free": "11815.00000000",
      "locked": "0.00000000"
    },
    {
      "asset": "TRUMP",
      "free": "59.00000000",
      "locked": "0.00000000"
    },
    {
      "asset": "ANIME",
      "free": "18446.00000000",
      "locked": "0.00000000"
    },
    {
      "asset": "BERA",
      "free": "216.00000000",
      "locked": "0.00000000"
    },
    {
      "asset": "1000CHEEMS",
      "free": "18446.00",
      "locked": "0.00"
    },
    {
      "asset": "TST",
      "free": "18446.00000000",
      "locked": "0.00000000"
    },
    {
      "asset": "LAYER",
      "free": "985.00000000",
      "locked": "0.00000000"
    },
    {
      "asset": "HEI",
      "free": "1168.00000000",
      "locked": "0.00000000"
    },
    {
      "asset": "KAITO",
      "free": "503.00000000",
      "locked": "0.00000000"
    },
    {
      "asset": "SHELL",
      "free": "4238.00000000",
      "locked": "0.00000000"
    },
    {
      "asset": "RED",
      "free": "780.00000000",
      "locked": "0.00000000"
    },
    {
      "asset": "GPS",
      "free": "18446.00000000",
      "locked": "0.00000000"
    },
    {
      "asset": "EPIC",
      "free": "245.00000000",
      "locked": "0.00000000"
    },
    {
      "asset": "BMT",
      "free": "8025.00000000",
      "locked": "0.00000000"
    },
    {
      "asset": "FORM",
      "free": "133.00000000",
      "locked": "0.00000000"
    },
    {
      "asset": "XUSD",
      "free": "500.00000000",
      "locked": "0.00000000"
    },
    {
      "asset": "CZK",
      "free": "18466.00000000",
      "locked": "0.00000000"
    },
    {
      "asset": "NIL",
      "free": "1858.00000000",
      "locked": "0.00000000"
    },
    {
      "asset": "PARTI",
      "free": "2319.00000000",
      "locked": "0.00000000"
    },
    {
      "asset": "MUBARAK",
      "free": "18051.00000000",
      "locked": "0.00000000"
    },
    {
      "asset": "TUT",
      "free": "7268.00000000",
      "locked": "0.00000000"
    },
    {
      "asset": "BROCCOLI714",
      "free": "18446.00000000",
      "locked": "0.00000000"
    },
    {
      "asset": "BANANAS31",
      "free": "18446.00000000",
      "locked": "0.00000000"
    },
    {
      "asset": "GUN",
      "free": "18446.00000000",
      "locked": "0.00000000"
    },
    {
      "asset": "BABY",
      "free": "10956.00000000",
      "locked": "0.00000000"
    },
    {
      "asset": "ONDO",
      "free": "539.00000000",
      "locked": "0.00000000"
    },
    {
      "asset": "BIGTIME",
      "free": "9735.00000000",
      "locked": "0.00000000"
    },
    {
      "asset": "VIRTUAL",
      "free": "458.00000000",
      "locked": "0.00000000"
    },
    {
      "asset": "KERNEL",
      "free": "2694.00000000",
      "locked": "0.00000000"
    },
    {
      "asset": "WCT",
      "free": "1732.00000000",
      "locked": "0.00000000"
    },
    {
      "asset": "HYPER",
      "free": "1705.00000000",
      "locked": "0.00000000"
    },
    {
      "asset": "INIT",
      "free": "1548.00000000",
      "locked": "0.00000000"
    },
    {
      "asset": "SIGN",
      "free": "6808.00000000",
      "locked": "0.00000000"
    },
    {
      "asset": "STO",
      "free": "6304.00000000",
      "locked": "0.00000000"
    },
    {
      "asset": "SYRUP",
      "free": "982.00000000",
      "locked": "0.00000000"
    },
    {
      "asset": "KMNO",
      "free": "9075.00000000",
      "locked": "0.00000000"
    },
    {
      "asset": "SXT",
      "free": "6839.00000000",
      "locked": "0.00000000"
    },
    {
      "asset": "NXPC",
      "free": "772.00000000",
      "locked": "0.00000000"
    },
    {
      "asset": "AWE",
      "free": "9684.00000000",
      "locked": "0.00000000"
    },
    {
      "asset": "HAEDAL",
      "free": "3761.00000000",
      "locked": "0.00000000"
    },
    {
      "asset": "USD1",
      "free": "500.00000000",
      "locked": "0.00000000"
    },
    {
      "asset": "HUMA",
      "free": "18446.00000000",
      "locked": "0.00000000"
    },
    {
      "asset": "A",
      "free": "1074.00000000",
      "locked": "0.00000000"
    },
    {
      "asset": "SOPH",
      "free": "17167.00000000",
      "locked": "0.00000000"
    },
    {
      "asset": "RESOLV",
      "free": "3431.00000000",
      "locked": "0.00000000"
    },
    {
      "asset": "HOME",
      "free": "12774.00000000",
      "locked": "0.00000000"
    },
    {
      "asset": "SPK",
      "free": "8206.00000000",
      "locked": "0.00000000"
    },
    {
      "asset": "NEWT",
      "free": "1939.00000000",
      "locked": "0.00000000"
    },
    {
      "asset": "SAHARA",
      "free": "5454.00000000",
      "locked": "0.00000000"
    },
    {
      "asset": "LA",
      "free": "1559.00000000",
      "locked": "0.00000000"
    },
    {
      "asset": "ERA",
      "free": "708.00000000",
      "locked": "0.00000000"
    },
    {
      "asset": "C",
      "free": "2282.00000000",
      "locked": "0.00000000"
    },
    {
      "asset": "TREE",
      "free": "1538.00000000",
      "locked": "0.00000000"
    },
    {
      "asset": "A2Z",
      "free": "18446.00000000",
      "locked": "0.00000000"
    },
    {
      "asset": "TOWNS",
      "free": "18446.00000000",
      "locked": "0.00000000"
    },
    {
      "asset": "PROVE",
      "free": "580.00000000",
      "locked": "0.00000000"
    },
    {
      "asset": "BFUSD",
      "free": "500.00000000",
      "locked": "0.00000000"
    },
    {
      "asset": "PLUME",
      "free": "6186.00000000",
      "locked": "0.00000000"
    },
    {
      "asset": "DOLO",
      "free": "2918.00000000",
      "locked": "0.00000000"
    },
    {
      "asset": "MITO",
      "free": "2623.00000000",
      "locked": "0.00000000"
    },
    {
      "asset": "WLFI",
      "free": "2723.00",
      "locked": "0.00"
    },
    {
      "asset": "SOMI",
      "free": "954.00000000",
      "locked": "0.00000000"
    }
  ],
  "permissions": [
    "SPOT"
  ],
  "uid": 1757387395436640835
}
2025-09-09 14:32:58,096 - TradingBot - INFO - Trading Bot initialized successfully
2025-09-09 14:33:17,401 - TradingBot - INFO - Placing MARKET order: BUY 0.1 BTCUSDT
2025-09-09 14:33:17,542 - TradingBot - ERROR - Binance API error: APIError(code=-2010): Account has insufficient balance for requested action.
2025-09-09 16:42:36,415 - TradingBot - INFO - API connection successful
2025-09-09 16:42:36,420 - TradingBot - DEBUG - Account info: {
  "makerCommission": 0,
  "takerCommission": 0,
  "buyerCommission": 0,
  "sellerCommission": 0,
  "commissionRates": {
    "maker": "0.00000000",
    "taker": "0.00000000",
    "buyer": "0.00000000",
    "seller": "0.00000000"
  },
  "canTrade": true,
  "canWithdraw": true,
  "canDeposit": true,
  "brokered": false,
  "requireSelfTradePrevention": false,
  "preventSor": false,
  "updateTime": 1757387395463,
  "accountType": "SPOT",
  "balances": [
    {
      "asset": "ETH",
      "free": "1.00000000",
      "locked": "0.00000000"
    },
    {
      "asset": "BTC",
      "free": "1.00000000",
      "locked": "0.00000000"
    },
    {
      "asset": "LTC",
      "free": "4.00000000",
      "locked": "0.00000000"
    },
    {
      "asset": "BNB",
      "free": "1.00000000",
      "locked": "0.00000000"
    },
    {
      "asset": "USDT",
      "free": "10000.00000000",
      "locked": "0.00000000"
    },
    {
      "asset": "TRX",
      "free": "1483.00000000",
      "locked": "0.00000000"
    },
    {
      "asset": "XRP",
      "free": "175.00000000",
      "locked": "0.00000000"
    },
    {
      "asset": "NEO",
      "free": "76.00000000",
      "locked": "0.00000000"
    },
    {
      "asset": "QTUM",
      "free": "183.00000000",
      "locked": "0.00000000"
    },
    {
      "asset": "GAS",
      "free": "155.00000000",
      "locked": "0.00000000"
    },
    {
      "asset": "LRC",
      "free": "4956.00000000",
      "locked": "0.00000000"
    },
    {
      "asset": "ZRX",
      "free": "1831.00000000",
      "locked": "0.00000000"
    },
    {
      "asset": "KNC",
      "free": "1349.00000000",
      "locked": "0.00000000"
    },
    {
      "asset": "IOTA",
      "free": "2694.00000000",
      "locked": "0.00000000"
    },
    {
      "asset": "LINK",
      "free": "21.00000000",
      "locked": "0.00000000"
    },
    {
      "asset": "XVG",
      "free": "18446.00000000",
      "locked": "0.00000000"
    },
    {
      "asset": "MTL",
      "free": "712.00000000",
      "locked": "0.00000000"
    },
    {
      "asset": "ETC",
      "free": "24.00000000",
      "locked": "0.00000000"
    },
    {
      "asset": "ZEC",
      "free": "12.00000000",
      "locked": "0.00000000"
    },
    {
      "asset": "DASH",
      "free": "20.00000000",
      "locked": "0.00000000"
    },
    {
      "asset": "REQ",
      "free": "4055.00000000",
      "locked": "0.00000000"
    },
    {
      "asset": "POWR",
      "free": "3155.00000000",
      "locked": "0.00000000"
    },
    {
      "asset": "ENJ",
      "free": "7437.00000000",
      "locked": "0.00000000"
    },
    {
      "asset": "STORJ",
      "free": "1972.00000000",
      "locked": "0.00000000"
    },
    {
      "asset": "BAT",
      "free": "3285.00000000",
      "locked": "0.00000000"
    },
    {
      "asset": "LSK",
      "free": "1370.00000000",
      "locked": "0.00000000"
    },
    {
      "asset": "MANA",
      "free": "1567.00000000",
      "locked": "0.00000000"
    },
    {
      "asset": "ADX",
      "free": "3988.00000000",
      "locked": "0.00000000"
    },
    {
      "asset": "ADA",
      "free": "605.00000000",
      "locked": "0.00000000"
    },
    {
      "asset": "XLM",
      "free": "1378.00000000",
      "locked": "0.00000000"
    },
    {
      "asset": "ICX",
      "free": "3914.00000000",
      "locked": "0.00000000"
    },
    {
      "asset": "RLC",
      "free": "387.00000000",
      "locked": "0.00000000"
    },
    {
      "asset": "PIVX",
      "free": "3752.00000000",
      "locked": "0.00000000"
    },
    {
      "asset": "STEEM",
      "free": "3840.00000000",
      "locked": "0.00000000"
    },
    {
      "asset": "ZIL",
      "free": "18446.00000000",
      "locked": "0.00000000"
    },
    {
      "asset": "ONT",
      "free": "3664.00000000",
      "locked": "0.00000000"
    },
    {
      "asset": "WAN",
      "free": "4780.00000000",
      "locked": "0.00000000"
    },
    {
      "asset": "SYS",
      "free": "12723.00000000",
      "locked": "0.00000000"
    },
    {
      "asset": "TUSD",
      "free": "10000.00000000",
      "locked": "0.00000000"
    },
    {
      "asset": "ZEN",
      "free": "70.00000000",
      "locked": "0.00000000"
    },
    {
      "asset": "THETA",
      "free": "636.00000000",
      "locked": "0.00000000"
    },
    {
      "asset": "IOTX",
      "free": "18375.00000000",
      "locked": "0.00000000"
    },
    {
      "asset": "DATA",
      "free": "18446.00000000",
      "locked": "0.00000000"
    },
    {
      "asset": "SC",
      "free": "18446.00000000",
      "locked": "0.00000000"
    },
    {
      "asset": "DENT",
      "free": "18446.00000000",
      "locked": "0.00000000"
    },
    {
      "asset": "ARDR",
      "free": "6029.00000000",
      "locked": "0.00000000"
    },
    {
      "asset": "HOT",
      "free": "18446.00000000",
      "locked": "0.00000000"
    },
    {
      "asset": "VET",
      "free": "18446.00000000",
      "locked": "0.00000000"
    },
    {
      "asset": "RVN",
      "free": "18446.00000000",
      "locked": "0.00000000"
    },
    {
      "asset": "USDC",
      "free": "10000.00000000",
      "locked": "0.00000000"
    },
    {
      "asset": "ONG",
      "free": "3049.00000000",
      "locked": "0.00000000"
    },
    {
      "asset": "FET",
      "free": "822.00000000",
      "locked": "0.00000000"
    },
    {
      "asset": "IOST",
      "free": "18446.00000000",
      "locked": "0.00000000"
    },
    {
      "asset": "CELR",
      "free": "18446.00000000",
      "locked": "0.00000000"
    },
    {
      "asset": "ATOM",
      "free": "112.00000000",
      "locked": "0.00000000"
    },
    {
      "asset": "PHB",
      "free": "918.00000000",
      "locked": "0.00000000"
    },
    {
      "asset": "TFUEL",
      "free": "14736.00000000",
      "locked": "0.00000000"
    },
    {
      "asset": "ONE",
      "free": "18446.00000000",
      "locked": "0.00000000"
    },
    {
      "asset": "ALGO",
      "free": "2154.00000000",
      "locked": "0.00000000"
    },
    {
      "asset": "DOGE",
      "free": "2311.00000000",
      "locked": "0.00000000"
    },
    {
      "asset": "DUSK",
      "free": "7987.00000000",
      "locked": "0.00000000"
    },
    {
      "asset": "ANKR",
      "free": "18446.00000000",
      "locked": "0.00000000"
    },
    {
      "asset": "WIN",
      "free": "18446.00000000",
      "locked": "0.00000000"
    },
    {
      "asset": "COS",
      "free": "18446.00000000",
      "locked": "0.00000000"
    },
    {
      "asset": "FUN",
      "free": "18446.00000000",
      "locked": "0.00000000"
    },
    {
      "asset": "CVC",
      "free": "5651.00000000",
      "locked": "0.00000000"
    },
    {
      "asset": "CHZ",
      "free": "12663.00000000",
      "locked": "0.00000000"
    },
    {
      "asset": "BAND",
      "free": "689.00000000",
      "locked": "0.00000000"
    },
    {
      "asset": "XTZ",
      "free": "697.00000000",
      "locked": "0.00000000"
    },
    {
      "asset": "HBAR",
      "free": "2277.00000000",
      "locked": "0.00000000"
    },
    {
      "asset": "NKN",
      "free": "18446.00000000",
      "locked": "0.00000000"
    },
    {
      "asset": "STX",
      "free": "805.00000000",
      "locked": "0.00000000"
    },
    {
      "asset": "KAVA",
      "free": "1348.00000000",
      "locked": "0.00000000"
    },
    {
      "asset": "ARPA",
      "free": "18446.00000000",
      "locked": "0.00000000"
    },
    {
      "asset": "BCH",
      "free": "1.00000000",
      "locked": "0.00000000"
    },
    {
      "asset": "FTT",
      "free": "639.00000000",
      "locked": "0.00000000"
    },
    {
      "asset": "TRY",
      "free": "18466.00000000",
      "locked": "0.00000000"
    },
    {
      "asset": "EUR",
      "free": "428.00000000",
      "locked": "0.00000000"
    },
    {
      "asset": "OGN",
      "free": "8090.00000000",
      "locked": "0.00000000"
    },
    {
      "asset": "BNT",
      "free": "673.00000000",
      "locked": "0.00000000"
    },
    {
      "asset": "MBL",
      "free": "18446.00000000",
      "locked": "0.00000000"
    },
    {
      "asset": "COTI",
      "free": "10160.00000000",
      "locked": "0.00000000"
    },
    {
      "asset": "ZAR",
      "free": "18466.00000000",
      "locked": "0.00000000"
    },
    {
      "asset": "SOL",
      "free": "2.00000000",
      "locked": "0.00000000"
    },
    {
      "asset": "CTSI",
      "free": "6607.00000000",
      "locked": "0.00000000"
    },
    {
      "asset": "HIVE",
      "free": "2497.00000000",
      "locked": "0.00000000"
    },
    {
      "asset": "CHR",
      "free": "5104.00000000",
      "locked": "0.00000000"
    },
    {
      "asset": "MDT",
      "free": "18446.00000000",
      "locked": "0.00000000"
    },
    {
      "asset": "UAH",
      "free": "18466.00000000",
      "locked": "0.00000000"
    },
    {
      "asset": "COMP",
      "free": "11.00000000",
      "locked": "0.00000000"
    },
    {
      "asset": "SXP",
      "free": "2925.00000000",
      "locked": "0.00000000"
    },
    {
      "asset": "SNX",
      "free": "744.00000000",
      "locked": "0.00000000"
    },
    {
      "asset": "VTHO",
      "free": "18446.00000000",
      "locked": "0.00000000"
    },
    {
      "asset": "DGB",
      "free": "18446.00000000",
      "locked": "0.00000000"
    },
    {
      "asset": "MKR",
      "free": "1.00000000",
      "locked": "0.00000000"
    },
    {
      "asset": "RUNE",
      "free": "412.00000000",
      "locked": "0.00000000"
    },
    {
      "asset": "DCR",
      "free": "30.00000000",
      "locked": "0.00000000"
    },
    {
      "asset": "AVA",
      "free": "939.00000000",
      "locked": "0.00000000"
    },
    {
      "asset": "YFI",
      "free": "1.00000000",
      "locked": "0.00000000"
    },
    {
      "asset": "DAI",
      "free": "10000.00000000",
      "locked": "0.00000000"
    },
    {
      "asset": "JST",
      "free": "14612.00000000",
      "locked": "0.00000000"
    },
    {
      "asset": "CRV",
      "free": "661.00000000",
      "locked": "0.00000000"
    },
    {
      "asset": "SAND",
      "free": "1785.00000000",
      "locked": "0.00000000"
    },
    {
      "asset": "NMR",
      "free": "37.00000000",
      "locked": "0.00000000"
    },
    {
      "asset": "DOT",
      "free": "130.00000000",
      "locked": "0.00000000"
    },
    {
      "asset": "LUNA",
      "free": "3395.00000000",
      "locked": "0.00000000"
    },
    {
      "asset": "RSR",
      "free": "18446.00000000",
      "locked": "0.00000000"
    },
    {
      "asset": "PAXG",
      "free": "1.00000000",
      "locked": "0.00000000"
    },
    {
      "asset": "TRB",
      "free": "14.00000000",
      "locked": "0.00000000"
    },
    {
      "asset": "WBTC",
      "free": "1.00000000",
      "locked": "0.00000000"
    },
    {
      "asset": "SUSHI",
      "free": "657.00000000",
      "locked": "0.00000000"
    },
    {
      "asset": "KSM",
      "free": "33.00000000",
      "locked": "0.00000000"
    },
    {
      "asset": "EGLD",
      "free": "35.00000000",
      "locked": "0.00000000"
    },
    {
      "asset": "DIA",
      "free": "680.00000000",
      "locked": "0.00000000"
    },
    {
      "asset": "FIO",
      "free": "18446.00000000",
      "locked": "0.00000000"
    },
    {
      "asset": "UMA",
      "free": "369.00000000",
      "locked": "0.00000000"
    },
    {
      "asset": "BEL",
      "free": "2097.00000000",
      "locked": "0.00000000"
    },
    {
      "asset": "UNI",
      "free": "52.00000000",
      "locked": "0.00000000"
    },
    {
      "asset": "OXT",
      "free": "9387.00000000",
      "locked": "0.00000000"
    },
    {
      "asset": "SUN",
      "free": "18446.00000000",
      "locked": "0.00000000"
    },
    {
      "asset": "AVAX",
      "free": "20.00000000",
      "locked": "0.00000000"
    },
    {
      "asset": "FLM",
      "free": "18115.00000000",
      "locked": "0.00000000"
    },
    {
      "asset": "SCRT",
      "free": "2897.00000000",
      "locked": "0.00000000"
    },
    {
      "asset": "CAKE",
      "free": "209.00000000",
      "locked": "0.00000000"
    },
    {
      "asset": "UTK",
      "free": "16972.00000000",
      "locked": "0.00000000"
    },
    {
      "asset": "XVS",
      "free": "81.00000000",
      "locked": "0.00000000"
    },
    {
      "asset": "BRL",
      "free": "97.00000000",
      "locked": "0.00000000"
    },
    {
      "asset": "AAVE",
      "free": "1.00000000",
      "locked": "0.00000000"
    },
    {
      "asset": "NEAR",
      "free": "207.00000000",
      "locked": "0.00000000"
    },
    {
      "asset": "FIL",
      "free": "215.00000000",
      "locked": "0.00000000"
    },
    {
      "asset": "INJ",
      "free": "39.00000000",
      "locked": "0.00000000"
    },
    {
      "asset": "AUDIO",
      "free": "8171.00000000",
      "locked": "0.00000000"
    },
    {
      "asset": "CTK",
      "free": "1526.00000000",
      "locked": "0.00000000"
    },
    {
      "asset": "AXS",
      "free": "211.00000000",
      "locked": "0.00000000"
    },
    {
      "asset": "SLP",
      "free": "18446.00000000",
      "locked": "0.00000000"
    },
    {
      "asset": "STRAX",
      "free": "11664.00000000",
      "locked": "0.00000000"
    },
    {
      "asset": "ROSE",
      "free": "18446.00000000",
      "locked": "0.00000000"
    },
    {
      "asset": "SKL",
      "free": "16981.00000000",
      "locked": "0.00000000"
    },
    {
      "asset": "GLM",
      "free": "2140.00000000",
      "locked": "0.00000000"
    },
    {
      "asset": "GRT",
      "free": "5611.00000000",
      "locked": "0.00000000"
    },
    {
      "asset": "JUV",
      "free": "439.00000000",
      "locked": "0.00000000"
    },
    {
      "asset": "PSG",
      "free": "309.00000000",
      "locked": "0.00000000"
    },
    {
      "asset": "1INCH",
      "free": "2043.00000000",
      "locked": "0.00000000"
    },
    {
      "asset": "OG",
      "free": "36.00000000",
      "locked": "0.00000000"
    },
    {
      "asset": "ATM",
      "free": "397.00000000",
      "locked": "0.00000000"
    },
    {
      "asset": "ASR",
      "free": "212.00000000",
      "locked": "0.00000000"
    },
    {
      "asset": "CELO",
      "free": "1700.00000000",
      "locked": "0.00000000"
    },
    {
      "asset": "RIF",
      "free": "8896.00000000",
      "locked": "0.00000000"
    },
    {
      "asset": "TRU",
      "free": "17182.00000000",
      "locked": "0.00000000"
    },
    {
      "asset": "CKB",
      "free": "18446.00000000",
      "locked": "0.00000000"
    },
    {
      "asset": "TWT",
      "free": "688.00000000",
      "locked": "0.00000000"
    },
    {
      "asset": "SFP",
      "free": "1087.00000000",
      "locked": "0.00000000"
    },
    {
      "asset": "DODO",
      "free": "11261.00000000",
      "locked": "0.00000000"
    },
    {
      "asset": "ACM",
      "free": "543.00000000",
      "locked": "0.00000000"
    },
    {
      "asset": "AUCTION",
      "free": "52.00000000",
      "locked": "0.00000000"
    },
    {
      "asset": "PHA",
      "free": "4868.00000000",
      "locked": "0.00000000"
    },
    {
      "asset": "FIS",
      "free": "4757.00000000",
      "locked": "0.00000000"
    },
    {
      "asset": "OM",
      "free": "2422.00000000",
      "locked": "0.00000000"
    },
    {
      "asset": "POND",
      "free": "18446.00000000",
      "locked": "0.00000000"
    },
    {
      "asset": "DEGO",
      "free": "395.00000000",
      "locked": "0.00000000"
    },
    {
      "asset": "ALICE",
      "free": "1390.00000000",
      "locked": "0.00000000"
    },
    {
      "asset": "PERP",
      "free": "1935.00000000",
      "locked": "0.00000000"
    },
    {
      "asset": "SUPER",
      "free": "839.00000000",
      "locked": "0.00000000"
    },
    {
      "asset": "CFX",
      "free": "2906.00000000",
      "locked": "0.00000000"
    },
    {
      "asset": "TKO",
      "free": "2662.00000000",
      "locked": "0.00000000"
    },
    {
      "asset": "PUNDIX",
      "free": "1612.00000000",
      "locked": "0.00000000"
    },
    {
      "asset": "TLM",
      "free": "18446.00000000",
      "locked": "0.00000000"
    },
    {
      "asset": "BAR",
      "free": "440.00000000",
      "locked": "0.00000000"
    },
    {
      "asset": "FORTH",
      "free": "182.00000000",
      "locked": "0.00000000"
    },
    {
      "asset": "BAKE",
      "free": "12163.00000000",
      "locked": "0.00000000"
    },
    {
      "asset": "SHIB",
      "free": "18446.00",
      "locked": "0.00"
    },
    {
      "asset": "ICP",
      "free": "104.00000000",
      "locked": "0.00000000"
    },
    {
      "asset": "AR",
      "free": "76.00000000",
      "locked": "0.00000000"
    },
    {
      "asset": "MASK",
      "free": "406.00000000",
      "locked": "0.00000000"
    },
    {
      "asset": "LPT",
      "free": "72.00000000",
      "locked": "0.00000000"
    },
    {
      "asset": "ATA",
      "free": "11210.00000000",
      "locked": "0.00000000"
    },
    {
      "asset": "GTC",
      "free": "1480.00000000",
      "locked": "0.00000000"
    },
    {
      "asset": "MLN",
      "free": "63.00000000",
      "locked": "0.00000000"
    },
    {
      "asset": "DEXE",
      "free": "68.00000000",
      "locked": "0.00000000"
    },
    {
      "asset": "C98",
      "free": "10266.00000000",
      "locked": "0.00000000"
    },
    {
      "asset": "QNT",
      "free": "4.00000000",
      "locked": "0.00000000"
    },
    {
      "asset": "FLOW",
      "free": "1237.00000000",
      "locked": "0.00000000"
    },
    {
      "asset": "MINA",
      "free": "2786.00000000",
      "locked": "0.00000000"
    },
    {
      "asset": "RAY",
      "free": "150.00000000",
      "locked": "0.00000000"
    },
    {
      "asset": "FARM",
      "free": "17.00000000",
      "locked": "0.00000000"
    },
    {
      "asset": "QUICK",
      "free": "18446.00000000",
      "locked": "0.00000000"
    },
    {
      "asset": "MBOX",
      "free": "8962.00000000",
      "locked": "0.00000000"
    },
    {
      "asset": "GHST",
      "free": "1148.00000000",
      "locked": "0.00000000"
    },
    {
      "asset": "WAXP",
      "free": "18446.00000000",
      "locked": "0.00000000"
    },
    {
      "asset": "GNO",
      "free": "3.00000000",
      "locked": "0.00000000"
    },
    {
      "asset": "XEC",
      "free": "18446.00",
      "locked": "0.00"
    },
    {
      "asset": "DYDX",
      "free": "844.00000000",
      "locked": "0.00000000"
    },
    {
      "asset": "IDEX",
      "free": "17819.00000000",
      "locked": "0.00000000"
    },
    {
      "asset": "USDP",
      "free": "500.00000000",
      "locked": "0.00000000"
    },
    {
      "asset": "GALA",
      "free": "18446.00000000",
      "locked": "0.00000000"
    },
    {
      "asset": "ILV",
      "free": "36.00000000",
      "locked": "0.00000000"
    },
    {
      "asset": "YGG",
      "free": "3285.00000000",
      "locked": "0.00000000"
    },
    {
      "asset": "DF",
      "free": "18446.00000000",
      "locked": "0.00000000"
    },
    {
      "asset": "FIDA",
      "free": "5860.00000000",
      "locked": "0.00000000"
    },
    {
      "asset": "AGLD",
      "free": "749.00000000",
      "locked": "0.00000000"
    },
    {
      "asset": "RAD",
      "free": "743.00000000",
      "locked": "0.00000000"
    },
    {
      "asset": "RARE",
      "free": "9189.00000000",
      "locked": "0.00000000"
    },
    {
      "asset": "SSV",
      "free": "55.00000000",
      "locked": "0.00000000"
    },
    {
      "asset": "LAZIO",
      "free": "548.00000000",
      "locked": "0.00000000"
    },
    {
      "asset": "CHESS",
      "free": "7041.00000000",
      "locked": "0.00000000"
    },
    {
      "asset": "MOVR",
      "free": "86.00000000",
      "locked": "0.00000000"
    },
    {
      "asset": "CITY",
      "free": "489.00000000",
      "locked": "0.00000000"
    },
    {
      "asset": "ENS",
      "free": "22.00000000",
      "locked": "0.00000000"
    },
    {
      "asset": "QI",
      "free": "18446.00000000",
      "locked": "0.00000000"
    },
    {
      "asset": "PORTO",
      "free": "514.00000000",
      "locked": "0.00000000"
    },
    {
      "asset": "JASMY",
      "free": "18446.00000000",
      "locked": "0.00000000"
    },
    {
      "asset": "AMP",
      "free": "18446.00000000",
      "locked": "0.00000000"
    },
    {
      "asset": "PYR",
      "free": "485.00000000",
      "locked": "0.00000000"
    },
    {
      "asset": "ALCX",
      "free": "52.00000000",
      "locked": "0.00000000"
    },
    {
      "asset": "SANTOS",
      "free": "280.00000000",
      "locked": "0.00000000"
    },
    {
      "asset": "BICO",
      "free": "5208.00000000",
      "locked": "0.00000000"
    },
    {
      "asset": "FLUX",
      "free": "2525.00000000",
      "locked": "0.00000000"
    },
    {
      "asset": "FXS",
      "free": "187.00000000",
      "locked": "0.00000000"
    },
    {
      "asset": "VOXEL",
      "free": "9002.00000000",
      "locked": "0.00000000"
    },
    {
      "asset": "HIGH",
      "free": "981.00000000",
      "locked": "0.00000000"
    },
    {
      "asset": "CVX",
      "free": "142.00000000",
      "locked": "0.00000000"
    },
    {
      "asset": "PEOPLE",
      "free": "18446.00000000",
      "locked": "0.00000000"
    },
    {
      "asset": "SPELL",
      "free": "18446.00000000",
      "locked": "0.00000000"
    },
    {
      "asset": "JOE",
      "free": "3127.00000000",
      "locked": "0.00000000"
    },
    {
      "asset": "ACH",
      "free": "18446.00000000",
      "locked": "0.00000000"
    },
    {
      "asset": "IMX",
      "free": "964.00000000",
      "locked": "0.00000000"
    },
    {
      "asset": "GLMR",
      "free": "7406.00000000",
      "locked": "0.00000000"
    },
    {
      "asset": "API3",
      "free": "510.00000000",
      "locked": "0.00000000"
    },
    {
      "asset": "BTTC",
      "free": "18446.0",
      "locked": "0.0"
    },
    {
      "asset": "ACA",
      "free": "17138.00000000",
      "locked": "0.00000000"
    },
    {
      "asset": "XNO",
      "free": "576.00000000",
      "locked": "0.00000000"
    },
    {
      "asset": "WOO",
      "free": "7418.00000000",
      "locked": "0.00000000"
    },
    {
      "asset": "ALPINE",
      "free": "233.00000000",
      "locked": "0.00000000"
    },
    {
      "asset": "T",
      "free": "18446.00000000",
      "locked": "0.00000000"
    },
    {
      "asset": "ASTR",
      "free": "18446.00000000",
      "locked": "0.00000000"
    },
    {
      "asset": "GMT",
      "free": "12142.00000000",
      "locked": "0.00000000"
    },
    {
      "asset": "KDA",
      "free": "1410.00000000",
      "locked": "0.00000000"
    },
    {
      "asset": "APE",
      "free": "871.00000000",
      "locked": "0.00000000"
    },
    {
      "asset": "BIFI",
      "free": "2.00000000",
      "locked": "0.00000000"
    },
    {
      "asset": "NEXO",
      "free": "393.00000000",
      "locked": "0.00000000"
    },
    {
      "asset": "REI",
      "free": "18446.00000000",
      "locked": "0.00000000"
    },
    {
      "asset": "LDO",
      "free": "413.00000000",
      "locked": "0.00000000"
    },
    {
      "asset": "OP",
      "free": "705.00000000",
      "locked": "0.00000000"
    },
    {
      "asset": "STG",
      "free": "3152.00000000",
      "locked": "0.00000000"
    },
    {
      "asset": "LUNC",
      "free": "18446.00000000",
      "locked": "0.00000000"
    },
    {
      "asset": "GMX",
      "free": "34.00000000",
      "locked": "0.00000000"
    },
    {
      "asset": "POLYX",
      "free": "3919.00000000",
      "locked": "0.00000000"
    },
    {
      "asset": "APT",
      "free": "116.00000000",
      "locked": "0.00000000"
    },
    {
      "asset": "PLN",
      "free": "18466.00000000",
      "locked": "0.00000000"
    },
    {
      "asset": "OSMO",
      "free": "3020.00000000",
      "locked": "0.00000000"
    },
    {
      "asset": "HFT",
      "free": "4969.00000000",
      "locked": "0.00000000"
    },
    {
      "asset": "HOOK",
      "free": "4730.00000000",
      "locked": "0.00000000"
    },
    {
      "asset": "MAGIC",
      "free": "2513.00000000",
      "locked": "0.00000000"
    },
    {
      "asset": "HIFI",
      "free": "7629.00000000",
      "locked": "0.00000000"
    },
    {
      "asset": "RPL",
      "free": "76.00000000",
      "locked": "0.00000000"
    },
    {
      "asset": "RON",
      "free": "18466.00000000",
      "locked": "0.00000000"
    },
    {
      "asset": "GNS",
      "free": "226.00000000",
      "locked": "0.00000000"
    },
    {
      "asset": "SYN",
      "free": "4175.00000000",
      "locked": "0.00000000"
    },
    {
      "asset": "LQTY",
      "free": "614.00000000",
      "locked": "0.00000000"
    },
    {
      "asset": "USTC",
      "free": "18446.00000000",
      "locked": "0.00000000"
    },
    {
      "asset": "PROM",
      "free": "55.00000000",
      "locked": "0.00000000"
    },
    {
      "asset": "QKC",
      "free": "18446.00000000",
      "locked": "0.00000000"
    },
    {
      "asset": "ID",
      "free": "3177.00000000",
      "locked": "0.00000000"
    },
    {
      "asset": "ARB",
      "free": "1008.00000000",
      "locked": "0.00000000"
    },
    {
      "asset": "RDNT",
      "free": "18446.00000000",
      "locked": "0.00000000"
    },
    {
      "asset": "ARS",
      "free": "18466.00000000",
      "locked": "0.00000000"
    },
    {
      "asset": "EDU",
      "free": "3837.00000000",
      "locked": "0.00000000"
    },
    {
      "asset": "SUI",
      "free": "148.00000000",
      "locked": "0.00000000"
    },
    {
      "asset": "PEPE",
      "free": "18446.00",
      "locked": "0.00"
    },
    {
      "asset": "FLOKI",
      "free": "18446.00",
      "locked": "0.00"
    },
    {
      "asset": "WBETH",
      "free": "1.00000000",
      "locked": "0.00000000"
    },
    {
      "asset": "MAV",
      "free": "6327.00000000",
      "locked": "0.00000000"
    },
    {
      "asset": "PENDLE",
      "free": "107.00000000",
      "locked": "0.00000000"
    },
    {
      "asset": "ARKM",
      "free": "1057.00000000",
      "locked": "0.00000000"
    },
    {
      "asset": "WLD",
      "free": "562.00000000",
      "locked": "0.00000000"
    },
    {
      "asset": "FDUSD",
      "free": "10000.00000000",
      "locked": "0.00000000"
    },
    {
      "asset": "SEI",
      "free": "1726.00000000",
      "locked": "0.00000000"
    },
    {
      "asset": "CYBER",
      "free": "286.00000000",
      "locked": "0.00000000"
    },
    {
      "asset": "ARK",
      "free": "1162.00000000",
      "locked": "0.00000000"
    },
    {
      "asset": "IQ",
      "free": "18446.00000000",
      "locked": "0.00000000"
    },
    {
      "asset": "NTRN",
      "free": "5245.00000000",
      "locked": "0.00000000"
    },
    {
      "asset": "TIA",
      "free": "311.00000000",
      "locked": "0.00000000"
    },
    {
      "asset": "MEME",
      "free": "18446.00000000",
      "locked": "0.00000000"
    },
    {
      "asset": "ORDI",
      "free": "56.00000000",
      "locked": "0.00000000"
    },
    {
      "asset": "BEAMX",
      "free": "18446.00000000",
      "locked": "0.00000000"
    },
    {
      "asset": "VIC",
      "free": "2243.00000000",
      "locked": "0.00000000"
    },
    {
      "asset": "BLUR",
      "free": "6594.00000000",
      "locked": "0.00000000"
    },
    {
      "asset": "VANRY",
      "free": "18446.00000000",
      "locked": "0.00000000"
    },
    {
      "asset": "AEUR",
      "free": "452.00000000",
      "locked": "0.00000000"
    },
    {
      "asset": "JTO",
      "free": "268.00000000",
      "locked": "0.00000000"
    },
    {
      "asset": "1000SATS",
      "free": "18446.00",
      "locked": "0.00"
    },
    {
      "asset": "BONK",
      "free": "18446.00",
      "locked": "0.00"
    },
    {
      "asset": "ACE",
      "free": "999.00000000",
      "locked": "0.00000000"
    },
    {
      "asset": "NFP",
      "free": "8044.00000000",
      "locked": "0.00000000"
    },
    {
      "asset": "AI",
      "free": "4176.00000000",
      "locked": "0.00000000"
    },
    {
      "asset": "XAI",
      "free": "10694.00000000",
      "locked": "0.00000000"
    },
    {
      "asset": "MANTA",
      "free": "2508.00000000",
      "locked": "0.00000000"
    },
    {
      "asset": "ALT",
      "free": "15934.00000000",
      "locked": "0.00000000"
    },
    {
      "asset": "JUP",
      "free": "1012.00000000",
      "locked": "0.00000000"
    },
    {
      "asset": "PYTH",
      "free": "3330.00000000",
      "locked": "0.00000000"
    },
    {
      "asset": "RONIN",
      "free": "1042.00000000",
      "locked": "0.00000000"
    },
    {
      "asset": "DYM",
      "free": "2415.00000000",
      "locked": "0.00000000"
    },
    {
      "asset": "PIXEL",
      "free": "17297.00000000",
      "locked": "0.00000000"
    },
    {
      "asset": "STRK",
      "free": "4061.00000000",
      "locked": "0.00000000"
    },
    {
      "asset": "PORTAL",
      "free": "12284.00000000",
      "locked": "0.00000000"
    },
    {
      "asset": "AXL",
      "free": "1658.00000000",
      "locked": "0.00000000"
    },
    {
      "asset": "WIF",
      "free": "617.00000000",
      "locked": "0.00000000"
    },
    {
      "asset": "METIS",
      "free": "33.00000000",
      "locked": "0.00000000"
    },
    {
      "asset": "JPY",
      "free": "18466.00000000",
      "locked": "0.00000000"
    },
    {
      "asset": "AEVO",
      "free": "5694.00000000",
      "locked": "0.00000000"
    },
    {
      "asset": "BOME",
      "free": "18446.00",
      "locked": "0.00"
    },
    {
      "asset": "ETHFI",
      "free": "435.00000000",
      "locked": "0.00000000"
    },
    {
      "asset": "ENA",
      "free": "750.00000000",
      "locked": "0.00000000"
    },
    {
      "asset": "W",
      "free": "6511.00000000",
      "locked": "0.00000000"
    },
    {
      "asset": "TNSR",
      "free": "4383.00000000",
      "locked": "0.00000000"
    },
    {
      "asset": "SAGA",
      "free": "2107.00000000",
      "locked": "0.00000000"
    },
    {
      "asset": "MXN",
      "free": "18466.00000000",
      "locked": "0.00000000"
    },
    {
      "asset": "TAO",
      "free": "1.00000000",
      "locked": "0.00000000"
    },
    {
      "asset": "OMNI",
      "free": "162.00000000",
      "locked": "0.00000000"
    },
    {
      "asset": "REZ",
      "free": "18446.00000000",
      "locked": "0.00000000"
    },
    {
      "asset": "BB",
      "free": "3617.00000000",
      "locked": "0.00000000"
    },
    {
      "asset": "NOT",
      "free": "18446.00",
      "locked": "0.00"
    },
    {
      "asset": "COP",
      "free": "18466.00000000",
      "locked": "0.00000000"
    },
    {
      "asset": "IO",
      "free": "967.00000000",
      "locked": "0.00000000"
    },
    {
      "asset": "ZK",
      "free": "8886.00000000",
      "locked": "0.00000000"
    },
    {
      "asset": "LISTA",
      "free": "2037.00000000",
      "locked": "0.00000000"
    },
    {
      "asset": "ZRO",
      "free": "272.00000000",
      "locked": "0.00000000"
    },
    {
      "asset": "G",
      "free": "18446.00000000",
      "locked": "0.00000000"
    },
    {
      "asset": "BANANA",
      "free": "26.00000000",
      "locked": "0.00000000"
    },
    {
      "asset": "RENDER",
      "free": "145.00000000",
      "locked": "0.00000000"
    },
    {
      "asset": "TON",
      "free": "160.00000000",
      "locked": "0.00000000"
    },
    {
      "asset": "DOGS",
      "free": "18446.00",
      "locked": "0.00"
    },
    {
      "asset": "EURI",
      "free": "428.00000000",
      "locked": "0.00000000"
    },
    {
      "asset": "SLF",
      "free": "17617.00000000",
      "locked": "0.00000000"
    },
    {
      "asset": "POL",
      "free": "1746.00000000",
      "locked": "0.00000000"
    },
    {
      "asset": "NEIRO",
      "free": "18446.00",
      "locked": "0.00"
    },
    {
      "asset": "TURBO",
      "free": "18446.00000000",
      "locked": "0.00000000"
    },
    {
      "asset": "1MBABYDOGE",
      "free": "18446.00",
      "locked": "0.00"
    },
    {
      "asset": "CATI",
      "free": "5837.00000000",
      "locked": "0.00000000"
    },
    {
      "asset": "HMSTR",
      "free": "18446.00",
      "locked": "0.00"
    },
    {
      "asset": "EIGEN",
      "free": "386.00000000",
      "locked": "0.00000000"
    },
    {
      "asset": "BNSOL",
      "free": "2.00000000",
      "locked": "0.00000000"
    },
    {
      "asset": "SCR",
      "free": "1517.00000000",
      "locked": "0.00000000"
    },
    {
      "asset": "LUMIA",
      "free": "1635.00000000",
      "locked": "0.00000000"
    },
    {
      "asset": "KAIA",
      "free": "3407.00000000",
      "locked": "0.00000000"
    },
    {
      "asset": "COW",
      "free": "1484.00000000",
      "locked": "0.00000000"
    },
    {
      "asset": "CETUS",
      "free": "5520.00000000",
      "locked": "0.00000000"
    },
    {
      "asset": "PNUT",
      "free": "2431.00000000",
      "locked": "0.00000000"
    },
    {
      "asset": "ACT",
      "free": "14130.00000000",
      "locked": "0.00000000"
    },
    {
      "asset": "USUAL",
      "free": "8578.00000000",
      "locked": "0.00000000"
    },
    {
      "asset": "THE",
      "free": "1499.00000000",
      "locked": "0.00000000"
    },
    {
      "asset": "ACX",
      "free": "3605.00000000",
      "locked": "0.00000000"
    },
    {
      "asset": "ORCA",
      "free": "222.00000000",
      "locked": "0.00000000"
    },
    {
      "asset": "MOVE",
      "free": "4312.00000000",
      "locked": "0.00000000"
    },
    {
      "asset": "ME",
      "free": "757.00000000",
      "locked": "0.00000000"
    },
    {
      "asset": "VELODROME",
      "free": "9995.00000000",
      "locked": "0.00000000"
    },
    {
      "asset": "VANA",
      "free": "128.00000000",
      "locked": "0.00000000"
    },
    {
      "asset": "1000CAT",
      "free": "18446.00000000",
      "locked": "0.00000000"
    },
    {
      "asset": "PENGU",
      "free": "17250.00000000",
      "locked": "0.00000000"
    },
    {
      "asset": "BIO",
      "free": "3494.00000000",
      "locked": "0.00000000"
    },
    {
      "asset": "D",
      "free": "15780.00000000",
      "locked": "0.00000000"
    },
    {
      "asset": "AIXBT",
      "free": "4784.00000000",
      "locked": "0.00000000"
    },
    {
      "asset": "CGPT",
      "free": "6384.00000000",
      "locked": "0.00000000"
    },
    {
      "asset": "COOKIE",
      "free": "4209.00000000",
      "locked": "0.00000000"
    },
    {
      "asset": "S",
      "free": "1627.00000000",
      "locked": "0.00000000"
    },
    {
      "asset": "SOLV",
      "free": "11815.00000000",
      "locked": "0.00000000"
    },
    {
      "asset": "TRUMP",
      "free": "59.00000000",
      "locked": "0.00000000"
    },
    {
      "asset": "ANIME",
      "free": "18446.00000000",
      "locked": "0.00000000"
    },
    {
      "asset": "BERA",
      "free": "216.00000000",
      "locked": "0.00000000"
    },
    {
      "asset": "1000CHEEMS",
      "free": "18446.00",
      "locked": "0.00"
    },
    {
      "asset": "TST",
      "free": "18446.00000000",
      "locked": "0.00000000"
    },
    {
      "asset": "LAYER",
      "free": "985.00000000",
      "locked": "0.00000000"
    },
    {
      "asset": "HEI",
      "free": "1168.00000000",
      "locked": "0.00000000"
    },
    {
      "asset": "KAITO",
      "free": "503.00000000",
      "locked": "0.00000000"
    },
    {
      "asset": "SHELL",
      "free": "4238.00000000",
      "locked": "0.00000000"
    },
    {
      "asset": "RED",
      "free": "780.00000000",
      "locked": "0.00000000"
    },
    {
      "asset": "GPS",
      "free": "18446.00000000",
      "locked": "0.00000000"
    },
    {
      "asset": "EPIC",
      "free": "245.00000000",
      "locked": "0.00000000"
    },
    {
      "asset": "BMT",
      "free": "8025.00000000",
      "locked": "0.00000000"
    },
    {
      "asset": "FORM",
      "free": "133.00000000",
      "locked": "0.00000000"
    },
    {
      "asset": "XUSD",
      "free": "500.00000000",
      "locked": "0.00000000"
    },
    {
      "asset": "CZK",
      "free": "18466.00000000",
      "locked": "0.00000000"
    },
    {
      "asset": "NIL",
      "free": "1858.00000000",
      "locked": "0.00000000"
    },
    {
      "asset": "PARTI",
      "free": "2319.00000000",
      "locked": "0.00000000"
    },
    {
      "asset": "MUBARAK",
      "free": "18051.00000000",
      "locked": "0.00000000"
    },
    {
      "asset": "TUT",
      "free": "7268.00000000",
      "locked": "0.00000000"
    },
    {
      "asset": "BROCCOLI714",
      "free": "18446.00000000",
      "locked": "0.00000000"
    },
    {
      "asset": "BANANAS31",
      "free": "18446.00000000",
      "locked": "0.00000000"
    },
    {
      "asset": "GUN",
      "free": "18446.00000000",
      "locked": "0.00000000"
    },
    {
      "asset": "BABY",
      "free": "10956.00000000",
      "locked": "0.00000000"
    },
    {
      "asset": "ONDO",
      "free": "539.00000000",
      "locked": "0.00000000"
    },
    {
      "asset": "BIGTIME",
      "free": "9735.00000000",
      "locked": "0.00000000"
    },
    {
      "asset": "VIRTUAL",
      "free": "458.00000000",
      "locked": "0.00000000"
    },
    {
      "asset": "KERNEL",
      "free": "2694.00000000",
      "locked": "0.00000000"
    },
    {
      "asset": "WCT",
      "free": "1732.00000000",
      "locked": "0.00000000"
    },
    {
      "asset": "HYPER",
      "free": "1705.00000000",
      "locked": "0.00000000"
    },
    {
      "asset": "INIT",
      "free": "1548.00000000",
      "locked": "0.00000000"
    },
    {
      "asset": "SIGN",
      "free": "6808.00000000",
      "locked": "0.00000000"
    },
    {
      "asset": "STO",
      "free": "6304.00000000",
      "locked": "0.00000000"
    },
    {
      "asset": "SYRUP",
      "free": "982.00000000",
      "locked": "0.00000000"
    },
    {
      "asset": "KMNO",
      "free": "9075.00000000",
      "locked": "0.00000000"
    },
    {
      "asset": "SXT",
      "free": "6839.00000000",
      "locked": "0.00000000"
    },
    {
      "asset": "NXPC",
      "free": "772.00000000",
      "locked": "0.00000000"
    },
    {
      "asset": "AWE",
      "free": "9684.00000000",
      "locked": "0.00000000"
    },
    {
      "asset": "HAEDAL",
      "free": "3761.00000000",
      "locked": "0.00000000"
    },
    {
      "asset": "USD1",
      "free": "500.00000000",
      "locked": "0.00000000"
    },
    {
      "asset": "HUMA",
      "free": "18446.00000000",
      "locked": "0.00000000"
    },
    {
      "asset": "A",
      "free": "1074.00000000",
      "locked": "0.00000000"
    },
    {
      "asset": "SOPH",
      "free": "17167.00000000",
      "locked": "0.00000000"
    },
    {
      "asset": "RESOLV",
      "free": "3431.00000000",
      "locked": "0.00000000"
    },
    {
      "asset": "HOME",
      "free": "12774.00000000",
      "locked": "0.00000000"
    },
    {
      "asset": "SPK",
      "free": "8206.00000000",
      "locked": "0.00000000"
    },
    {
      "asset": "NEWT",
      "free": "1939.00000000",
      "locked": "0.00000000"
    },
    {
      "asset": "SAHARA",
      "free": "5454.00000000",
      "locked": "0.00000000"
    },
    {
      "asset": "LA",
      "free": "1559.00000000",
      "locked": "0.00000000"
    },
    {
      "asset": "ERA",
      "free": "708.00000000",
      "locked": "0.00000000"
    },
    {
      "asset": "C",
      "free": "2282.00000000",
      "locked": "0.00000000"
    },
    {
      "asset": "TREE",
      "free": "1538.00000000",
      "locked": "0.00000000"
    },
    {
      "asset": "A2Z",
      "free": "18446.00000000",
      "locked": "0.00000000"
    },
    {
      "asset": "TOWNS",
      "free": "18446.00000000",
      "locked": "0.00000000"
    },
    {
      "asset": "PROVE",
      "free": "580.00000000",
      "locked": "0.00000000"
    },
    {
      "asset": "BFUSD",
      "free": "500.00000000",
      "locked": "0.00000000"
    },
    {
      "asset": "PLUME",
      "free": "6186.00000000",
      "locked": "0.00000000"
    },
    {
      "asset": "DOLO",
      "free": "2918.00000000",
      "locked": "0.00000000"
    },
    {
      "asset": "MITO",
      "free": "2623.00000000",
      "locked": "0.00000000"
    },
    {
      "asset": "WLFI",
      "free": "2723.00",
      "locked": "0.00"
    },
    {
      "asset": "SOMI",
      "free": "954.00000000",
      "locked": "0.00000000"
    }
  ],
  "permissions": [
    "SPOT"
  ],
  "uid": 1757387395436640835
}
2025-09-09 16:42:36,421 - TradingBot - INFO - Trading Bot initialized successfully
2025-09-09 16:42:48,487 - TradingBot - INFO - Placing MARKET order: BUY 4 BTCUSDT
2025-09-09 16:42:48,651 - TradingBot - ERROR - Binance API error: APIError(code=-2010): Account has insufficient balance for requested action.
